<?xml version="1.0" encoding="UTF-8"?>
<testng-results ignored="0" total="2" passed="2" failed="0" skipped="0">
  <reporter-output>
  </reporter-output>
  <suite started-at="2019-03-02T08:13:17Z" name="Surefire suite" finished-at="2019-03-02T08:14:34Z" duration-ms="76207">
    <groups>
    </groups>
    <test started-at="2019-03-02T08:13:17Z" name="Surefire test" finished-at="2019-03-02T08:14:34Z" duration-ms="76207">
      <class name="com.actiTime.test.SecondTest">
        <test-method signature="test02()[pri:0, instance:com.actiTime.test.SecondTest@3023df74]" started-at="2019-03-02T08:13:51Z" name="test02" finished-at="2019-03-02T08:14:34Z" duration-ms="42833" status="PASS">
          <reporter-output>
          </reporter-output>
        </test-method> <!-- test02 -->
      </class> <!-- com.actiTime.test.SecondTest -->
      <class name="com.actiTime.test.FirstTest">
        <test-method signature="test01()[pri:0, instance:com.actiTime.test.FirstTest@145f66e3]" started-at="2019-03-02T08:13:18Z" name="test01" finished-at="2019-03-02T08:13:51Z" duration-ms="33311" status="PASS">
          <reporter-output>
          </reporter-output>
        </test-method> <!-- test01 -->
      </class> <!-- com.actiTime.test.FirstTest -->
    </test> <!-- Surefire test -->
  </suite> <!-- Surefire suite -->
</testng-results>
