<?xml version="1.0" encoding="UTF-8"?>
<testng-results ignored="0" total="1" passed="1" failed="0" skipped="0">
  <reporter-output>
  </reporter-output>
  <suite started-at="2019-02-26T07:07:33Z" name="Default suite" finished-at="2019-02-26T07:08:03Z" duration-ms="30533">
    <groups>
    </groups>
    <test started-at="2019-02-26T07:07:33Z" name="Default test" finished-at="2019-02-26T07:08:03Z" duration-ms="30533">
      <class name="com.actiTime.test.SecondTest">
        <test-method signature="test02()[pri:0, instance:com.actiTime.test.SecondTest@c86b9e3]" started-at="2019-02-26T07:07:33Z" name="test02" finished-at="2019-02-26T07:08:03Z" duration-ms="30451" status="PASS">
          <reporter-output>
          </reporter-output>
        </test-method> <!-- test02 -->
      </class> <!-- com.actiTime.test.SecondTest -->
    </test> <!-- Default test -->
  </suite> <!-- Default suite -->
</testng-results>
